<?xml version="1.0" encoding="UTF-8"?>
<!-- Generated by org.testng.reporters.JUnitReportReporter -->
<testsuite hostname="sai" failures="0" tests="3" name="GroupExecution.Test1" time="0.041" errors="0" timestamp="2024-11-06T12:32:34 IST" skipped="0">
  <testcase classname="GroupExecution.Test1" name="demo1" time="0.029"/>
  <system-out>
    <![CDATA[Test1-demo1-smoke]]>
  </system-out>
  <testcase classname="GroupExecution.Test1" name="demo2" time="0.003"/>
  <system-out>
    <![CDATA[Test1-demo2-sanity]]>
  </system-out>
  <testcase classname="GroupExecution.Test1" name="demo3" time="0.009"/>
  <system-out>
    <![CDATA[Test1-demo1-smoke and sanity]]>
  </system-out>
</testsuite> <!-- GroupExecution.Test1 -->
