<?xml version="1.0" encoding="UTF-8"?>
<!-- Generated by org.testng.reporters.JUnitReportReporter -->
<testsuite hostname="sai" failures="0" tests="1" name="testNG.SampleTest" time="0.047" errors="0" timestamp="2024-11-06T12:25:56 IST" skipped="0">
  <testcase classname="testNG.SampleTest" name="demo" time="0.047"/>
  <system-out>
    <![CDATA[Hellow word]]>
  </system-out>
</testsuite> <!-- testNG.SampleTest -->
