<?xml version="1.0" encoding="UTF-8"?>
<!-- Generated by org.testng.reporters.JUnitReportReporter -->
<testsuite hostname="sai" failures="0" tests="4" name="testNG.DataProviderTest" time="30.153" errors="0" timestamp="2024-11-08T13:08:21 IST" skipped="0">
  <testcase classname="testNG.DataProviderTest" name="loginTest" time="11.269"/>
  <system-out/>
  <testcase classname="testNG.DataProviderTest" name="loginTest" time="7.170"/>
  <system-out/>
  <testcase classname="testNG.DataProviderTest" name="loginTest" time="5.828"/>
  <system-out/>
  <testcase classname="testNG.DataProviderTest" name="loginTest" time="5.886"/>
  <system-out/>
</testsuite> <!-- testNG.DataProviderTest -->
