<?xml version="1.0" encoding="UTF-8"?>
<!-- Generated by org.testng.reporters.JUnitReportReporter -->
<testsuite hostname="sai" failures="0" tests="3" name="GroupExecution.Test3" time="0.079" errors="0" timestamp="2024-11-06T12:28:52 IST" skipped="0">
  <testcase classname="GroupExecution.Test3" name="demo1" time="0.047"/>
  <system-out>
    <![CDATA[Test3 -demo1-system]]>
  </system-out>
  <testcase classname="GroupExecution.Test3" name="demo2" time="0.029"/>
  <system-out>
    <![CDATA[Test3 -demo2-regresion]]>
  </system-out>
  <testcase classname="GroupExecution.Test3" name="demo3" time="0.003"/>
  <system-out>
    <![CDATA[Test3 -demo1-system and regresion]]>
  </system-out>
</testsuite> <!-- GroupExecution.Test3 -->
