<?xml version="1.0" encoding="UTF-8"?>
<!-- Generated by org.testng.reporters.JUnitReportReporter -->
<testsuite hostname="sai" failures="0" tests="1" name="assertiuons.WhyNotFiles" time="0.020" errors="0" timestamp="2024-11-08T11:55:58 IST" skipped="0">
  <testcase classname="assertiuons.WhyNotFiles" name="demo" time="0.020"/>
  <system-out/>
</testsuite> <!-- assertiuons.WhyNotFiles -->
